<?xml version="1.0" encoding="UTF-8"?>
<!-- Generated by org.testng.reporters.JUnitReportReporter -->
<testsuite hostname="shyams-MacBook-Pro-2.local" name="com.datastax.driver.core.SchemaTest" tests="2" failures="0" timestamp="10 May 2013 04:11:22 GMT" time="137.342" errors="0">
  <testcase name="schemaExportOptionsTest" time="0.007" classname="com.datastax.driver.core.SchemaTest"/>
  <testcase name="schemaExportTest" time="137.335" classname="com.datastax.driver.core.SchemaTest"/>
</testsuite> <!-- com.datastax.driver.core.SchemaTest -->
